<?xml version="1.0" encoding="UTF-8" standalone="no"?><testsuite errors="1" failures="0" name="Resigtration with PAN Number" skipped="0" tests="1" time="4.82" timestamp="2022-01-05 01:20:20"><testcase name="Verify valid PAN number"><error message="unknown error: net::ERR_CONNECTION_REFUSED&#10;  (Session info: chrome=92.0.4515.131)&#10;Build info: version: '4.0.0', revision: '3a21814679'&#10;System info: host: 'EC2AMAZ-5NP4C1A', ip: '172.17.3.16', os.name: 'Windows Server 2019', os.arch: 'amd64', os.version: '10.0', java.version: '1.8.0_291'&#10;Driver info: org.openqa.selenium.chrome.ChromeDriver&#10;Command: [46881d02e30e962fb9e1f94240a8045d, get {url=http://localhost:4200/}]&#10;Capabilities {acceptInsecureCerts: false, browserName: chrome, browserVersion: 92.0.4515.131, chrome: {chromedriverVersion: 92.0.4515.107 (87a818b10553..., userDataDir: C:\Windows\TEMP\scoped_dir3...}, goog:chromeOptions: {debuggerAddress: localhost:54949}, javascriptEnabled: true, networkConnectionEnabled: false, pageLoadStrategy: normal, platform: WINDOWS, platformName: WINDOWS, proxy: Proxy(), se:cdp: ws://localhost:54949/devtoo..., se:cdpVersion: 92.0.4515.131, setWindowRect: true, strictFileInteractability: false, timeouts: {implicit: 0, pageLoad: 300000, script: 30000}, unhandledPromptBehavior: dismiss and notify, webauthn:extension:credBlob: true, webauthn:extension:largeBlob: true, webauthn:virtualAuthenticators: true}&#10;Session ID: 46881d02e30e962fb9e1f94240a8045d&#10;Build info: version: '4.0.0', revision: '3a21814679'&#10;System info: host: 'EC2AMAZ-5NP4C1A', ip: '172.17.3.16', os.name: 'Windows Server 2019', os.arch: 'amd64', os.version: '10.0', java.version: '1.8.0_291'&#10;Driver info: driver.version: unknown" type="org.openqa.selenium.WebDriverException">unknown error: net::ERR_CONNECTION_REFUSED
  (Session info: chrome=92.0.4515.131)
Build info: version: '4.0.0', revision: '3a21814679'
System info: host: 'EC2AMAZ-5NP4C1A', ip: '172.17.3.16', os.name: 'Windows Server 2019', os.arch: 'amd64', os.version: '10.0', java.version: '1.8.0_291'
Driver info: org.openqa.selenium.chrome.ChromeDriver
Command: [46881d02e30e962fb9e1f94240a8045d, get {url=http://localhost:4200/}]
Capabilities {acceptInsecureCerts: false, browserName: chrome, browserVersion: 92.0.4515.131, chrome: {chromedriverVersion: 92.0.4515.107 (87a818b10553..., userDataDir: C:\Windows\TEMP\scoped_dir3...}, goog:chromeOptions: {debuggerAddress: localhost:54949}, javascriptEnabled: true, networkConnectionEnabled: false, pageLoadStrategy: normal, platform: WINDOWS, platformName: WINDOWS, proxy: Proxy(), se:cdp: ws://localhost:54949/devtoo..., se:cdpVersion: 92.0.4515.131, setWindowRect: true, strictFileInteractability: false, timeouts: {implicit: 0, pageLoad: 300000, script: 30000}, unhandledPromptBehavior: dismiss and notify, webauthn:extension:credBlob: true, webauthn:extension:largeBlob: true, webauthn:virtualAuthenticators: true}
Session ID: 46881d02e30e962fb9e1f94240a8045d
Build info: version: '4.0.0', revision: '3a21814679'
System info: host: 'EC2AMAZ-5NP4C1A', ip: '172.17.3.16', os.name: 'Windows Server 2019', os.arch: 'amd64', os.version: '10.0', java.version: '1.8.0_291'
Driver info: driver.version: unknown</error><system-err>unknown error: net::ERR_CONNECTION_REFUSED
  (Session info: chrome=92.0.4515.131)
Build info: version: '4.0.0', revision: '3a21814679'
System info: host: 'EC2AMAZ-5NP4C1A', ip: '172.17.3.16', os.name: 'Windows Server 2019', os.arch: 'amd64', os.version: '10.0', java.version: '1.8.0_291'
Driver info: org.openqa.selenium.chrome.ChromeDriver
Command: [46881d02e30e962fb9e1f94240a8045d, get {url=http://localhost:4200/}]
Capabilities {acceptInsecureCerts: false, browserName: chrome, browserVersion: 92.0.4515.131, chrome: {chromedriverVersion: 92.0.4515.107 (87a818b10553..., userDataDir: C:\Windows\TEMP\scoped_dir3...}, goog:chromeOptions: {debuggerAddress: localhost:54949}, javascriptEnabled: true, networkConnectionEnabled: false, pageLoadStrategy: normal, platform: WINDOWS, platformName: WINDOWS, proxy: Proxy(), se:cdp: ws://localhost:54949/devtoo..., se:cdpVersion: 92.0.4515.131, setWindowRect: true, strictFileInteractability: false, timeouts: {implicit: 0, pageLoad: 300000, script: 30000}, unhandledPromptBehavior: dismiss and notify, webauthn:extension:credBlob: true, webauthn:extension:largeBlob: true, webauthn:virtualAuthenticators: true}
Session ID: 46881d02e30e962fb9e1f94240a8045d
Build info: version: '4.0.0', revision: '3a21814679'
System info: host: 'EC2AMAZ-5NP4C1A', ip: '172.17.3.16', os.name: 'Windows Server 2019', os.arch: 'amd64', os.version: '10.0', java.version: '1.8.0_291'
Driver info: driver.version: unknown&#13;
com.intellect.igcb.autotest.stepdefinition.RegistrationWithPanSteps.customer_navigates_to_portal_from_any_commercial_segment(RegistrationWithPanSteps.java:24)&#13;
✽.Customer navigates to portal from any Commercial Segment(file:///C:/selenium_workspace/workspace/igcb-clo-scp-tst/src/test/resources/features/01%20Self%20Registration/002%20registration_with_pan.feature:8)&#13;
</system-err></testcase></testsuite>