<?xml version="1.0" encoding="UTF-8" standalone="no"?><testsuite errors="9" failures="0" name="Authentication" skipped="0" tests="9" time="66.44" timestamp="2022-01-05 01:19:09"><testcase name="Portal Landing Page"><error message="unknown error: net::ERR_CONNECTION_REFUSED&#10;  (Session info: chrome=92.0.4515.131)&#10;Build info: version: '4.0.0', revision: '3a21814679'&#10;System info: host: 'EC2AMAZ-5NP4C1A', ip: '172.17.3.16', os.name: 'Windows Server 2019', os.arch: 'amd64', os.version: '10.0', java.version: '1.8.0_291'&#10;Driver info: org.openqa.selenium.chrome.ChromeDriver&#10;Command: [414c50a9b1af78f65b861e4991148f4c, get {url=http://localhost:4200/}]&#10;Capabilities {acceptInsecureCerts: false, browserName: chrome, browserVersion: 92.0.4515.131, chrome: {chromedriverVersion: 92.0.4515.107 (87a818b10553..., userDataDir: C:\Windows\TEMP\scoped_dir1...}, goog:chromeOptions: {debuggerAddress: localhost:54980}, javascriptEnabled: true, networkConnectionEnabled: false, pageLoadStrategy: normal, platform: WINDOWS, platformName: WINDOWS, proxy: Proxy(), se:cdp: ws://localhost:54980/devtoo..., se:cdpVersion: 92.0.4515.131, setWindowRect: true, strictFileInteractability: false, timeouts: {implicit: 0, pageLoad: 300000, script: 30000}, unhandledPromptBehavior: dismiss and notify, webauthn:extension:credBlob: true, webauthn:extension:largeBlob: true, webauthn:virtualAuthenticators: true}&#10;Session ID: 414c50a9b1af78f65b861e4991148f4c&#10;Build info: version: '4.0.0', revision: '3a21814679'&#10;System info: host: 'EC2AMAZ-5NP4C1A', ip: '172.17.3.16', os.name: 'Windows Server 2019', os.arch: 'amd64', os.version: '10.0', java.version: '1.8.0_291'&#10;Driver info: driver.version: unknown" type="org.openqa.selenium.WebDriverException">unknown error: net::ERR_CONNECTION_REFUSED
  (Session info: chrome=92.0.4515.131)
Build info: version: '4.0.0', revision: '3a21814679'
System info: host: 'EC2AMAZ-5NP4C1A', ip: '172.17.3.16', os.name: 'Windows Server 2019', os.arch: 'amd64', os.version: '10.0', java.version: '1.8.0_291'
Driver info: org.openqa.selenium.chrome.ChromeDriver
Command: [414c50a9b1af78f65b861e4991148f4c, get {url=http://localhost:4200/}]
Capabilities {acceptInsecureCerts: false, browserName: chrome, browserVersion: 92.0.4515.131, chrome: {chromedriverVersion: 92.0.4515.107 (87a818b10553..., userDataDir: C:\Windows\TEMP\scoped_dir1...}, goog:chromeOptions: {debuggerAddress: localhost:54980}, javascriptEnabled: true, networkConnectionEnabled: false, pageLoadStrategy: normal, platform: WINDOWS, platformName: WINDOWS, proxy: Proxy(), se:cdp: ws://localhost:54980/devtoo..., se:cdpVersion: 92.0.4515.131, setWindowRect: true, strictFileInteractability: false, timeouts: {implicit: 0, pageLoad: 300000, script: 30000}, unhandledPromptBehavior: dismiss and notify, webauthn:extension:credBlob: true, webauthn:extension:largeBlob: true, webauthn:virtualAuthenticators: true}
Session ID: 414c50a9b1af78f65b861e4991148f4c
Build info: version: '4.0.0', revision: '3a21814679'
System info: host: 'EC2AMAZ-5NP4C1A', ip: '172.17.3.16', os.name: 'Windows Server 2019', os.arch: 'amd64', os.version: '10.0', java.version: '1.8.0_291'
Driver info: driver.version: unknown</error><system-err>unknown error: net::ERR_CONNECTION_REFUSED
  (Session info: chrome=92.0.4515.131)
Build info: version: '4.0.0', revision: '3a21814679'
System info: host: 'EC2AMAZ-5NP4C1A', ip: '172.17.3.16', os.name: 'Windows Server 2019', os.arch: 'amd64', os.version: '10.0', java.version: '1.8.0_291'
Driver info: org.openqa.selenium.chrome.ChromeDriver
Command: [414c50a9b1af78f65b861e4991148f4c, get {url=http://localhost:4200/}]
Capabilities {acceptInsecureCerts: false, browserName: chrome, browserVersion: 92.0.4515.131, chrome: {chromedriverVersion: 92.0.4515.107 (87a818b10553..., userDataDir: C:\Windows\TEMP\scoped_dir1...}, goog:chromeOptions: {debuggerAddress: localhost:54980}, javascriptEnabled: true, networkConnectionEnabled: false, pageLoadStrategy: normal, platform: WINDOWS, platformName: WINDOWS, proxy: Proxy(), se:cdp: ws://localhost:54980/devtoo..., se:cdpVersion: 92.0.4515.131, setWindowRect: true, strictFileInteractability: false, timeouts: {implicit: 0, pageLoad: 300000, script: 30000}, unhandledPromptBehavior: dismiss and notify, webauthn:extension:credBlob: true, webauthn:extension:largeBlob: true, webauthn:virtualAuthenticators: true}
Session ID: 414c50a9b1af78f65b861e4991148f4c
Build info: version: '4.0.0', revision: '3a21814679'
System info: host: 'EC2AMAZ-5NP4C1A', ip: '172.17.3.16', os.name: 'Windows Server 2019', os.arch: 'amd64', os.version: '10.0', java.version: '1.8.0_291'
Driver info: driver.version: unknown&#13;
com.intellect.igcb.autotest.stepdefinition.AuthenticationSteps.he_access_the_landing_page_of_portal(AuthenticationSteps.java:27)&#13;
✽.He access the Landing Page of Portal(file:///C:/selenium_workspace/workspace/igcb-clo-scp-tst/src/test/resources/features/01%20Self%20Registration/001%20authentication.feature:10)&#13;
</system-err></testcase><testcase name="More Advertisement Details"><error message="unknown error: net::ERR_CONNECTION_REFUSED&#10;  (Session info: chrome=92.0.4515.131)&#10;Build info: version: '4.0.0', revision: '3a21814679'&#10;System info: host: 'EC2AMAZ-5NP4C1A', ip: '172.17.3.16', os.name: 'Windows Server 2019', os.arch: 'amd64', os.version: '10.0', java.version: '1.8.0_291'&#10;Driver info: org.openqa.selenium.chrome.ChromeDriver&#10;Command: [12003fc9688410c2c2c59595f3d18866, get {url=http://localhost:4200/}]&#10;Capabilities {acceptInsecureCerts: false, browserName: chrome, browserVersion: 92.0.4515.131, chrome: {chromedriverVersion: 92.0.4515.107 (87a818b10553..., userDataDir: C:\Windows\TEMP\scoped_dir1...}, goog:chromeOptions: {debuggerAddress: localhost:51335}, javascriptEnabled: true, networkConnectionEnabled: false, pageLoadStrategy: normal, platform: WINDOWS, platformName: WINDOWS, proxy: Proxy(), se:cdp: ws://localhost:51335/devtoo..., se:cdpVersion: 92.0.4515.131, setWindowRect: true, strictFileInteractability: false, timeouts: {implicit: 0, pageLoad: 300000, script: 30000}, unhandledPromptBehavior: dismiss and notify, webauthn:extension:credBlob: true, webauthn:extension:largeBlob: true, webauthn:virtualAuthenticators: true}&#10;Session ID: 12003fc9688410c2c2c59595f3d18866&#10;Build info: version: '4.0.0', revision: '3a21814679'&#10;System info: host: 'EC2AMAZ-5NP4C1A', ip: '172.17.3.16', os.name: 'Windows Server 2019', os.arch: 'amd64', os.version: '10.0', java.version: '1.8.0_291'&#10;Driver info: driver.version: unknown" type="org.openqa.selenium.WebDriverException">unknown error: net::ERR_CONNECTION_REFUSED
  (Session info: chrome=92.0.4515.131)
Build info: version: '4.0.0', revision: '3a21814679'
System info: host: 'EC2AMAZ-5NP4C1A', ip: '172.17.3.16', os.name: 'Windows Server 2019', os.arch: 'amd64', os.version: '10.0', java.version: '1.8.0_291'
Driver info: org.openqa.selenium.chrome.ChromeDriver
Command: [12003fc9688410c2c2c59595f3d18866, get {url=http://localhost:4200/}]
Capabilities {acceptInsecureCerts: false, browserName: chrome, browserVersion: 92.0.4515.131, chrome: {chromedriverVersion: 92.0.4515.107 (87a818b10553..., userDataDir: C:\Windows\TEMP\scoped_dir1...}, goog:chromeOptions: {debuggerAddress: localhost:51335}, javascriptEnabled: true, networkConnectionEnabled: false, pageLoadStrategy: normal, platform: WINDOWS, platformName: WINDOWS, proxy: Proxy(), se:cdp: ws://localhost:51335/devtoo..., se:cdpVersion: 92.0.4515.131, setWindowRect: true, strictFileInteractability: false, timeouts: {implicit: 0, pageLoad: 300000, script: 30000}, unhandledPromptBehavior: dismiss and notify, webauthn:extension:credBlob: true, webauthn:extension:largeBlob: true, webauthn:virtualAuthenticators: true}
Session ID: 12003fc9688410c2c2c59595f3d18866
Build info: version: '4.0.0', revision: '3a21814679'
System info: host: 'EC2AMAZ-5NP4C1A', ip: '172.17.3.16', os.name: 'Windows Server 2019', os.arch: 'amd64', os.version: '10.0', java.version: '1.8.0_291'
Driver info: driver.version: unknown</error><system-err>unknown error: net::ERR_CONNECTION_REFUSED
  (Session info: chrome=92.0.4515.131)
Build info: version: '4.0.0', revision: '3a21814679'
System info: host: 'EC2AMAZ-5NP4C1A', ip: '172.17.3.16', os.name: 'Windows Server 2019', os.arch: 'amd64', os.version: '10.0', java.version: '1.8.0_291'
Driver info: org.openqa.selenium.chrome.ChromeDriver
Command: [12003fc9688410c2c2c59595f3d18866, get {url=http://localhost:4200/}]
Capabilities {acceptInsecureCerts: false, browserName: chrome, browserVersion: 92.0.4515.131, chrome: {chromedriverVersion: 92.0.4515.107 (87a818b10553..., userDataDir: C:\Windows\TEMP\scoped_dir1...}, goog:chromeOptions: {debuggerAddress: localhost:51335}, javascriptEnabled: true, networkConnectionEnabled: false, pageLoadStrategy: normal, platform: WINDOWS, platformName: WINDOWS, proxy: Proxy(), se:cdp: ws://localhost:51335/devtoo..., se:cdpVersion: 92.0.4515.131, setWindowRect: true, strictFileInteractability: false, timeouts: {implicit: 0, pageLoad: 300000, script: 30000}, unhandledPromptBehavior: dismiss and notify, webauthn:extension:credBlob: true, webauthn:extension:largeBlob: true, webauthn:virtualAuthenticators: true}
Session ID: 12003fc9688410c2c2c59595f3d18866
Build info: version: '4.0.0', revision: '3a21814679'
System info: host: 'EC2AMAZ-5NP4C1A', ip: '172.17.3.16', os.name: 'Windows Server 2019', os.arch: 'amd64', os.version: '10.0', java.version: '1.8.0_291'
Driver info: driver.version: unknown&#13;
com.intellect.igcb.autotest.stepdefinition.AuthenticationSteps.customer_is_on_portal_landing_page(AuthenticationSteps.java:71)&#13;
✽.Customer is on Portal Landing Page(file:///C:/selenium_workspace/workspace/igcb-clo-scp-tst/src/test/resources/features/01%20Self%20Registration/001%20authentication.feature:22)&#13;
</system-err></testcase><testcase name="Invalid Mobile Number"><error message="unknown error: net::ERR_CONNECTION_REFUSED&#10;  (Session info: chrome=92.0.4515.131)&#10;Build info: version: '4.0.0', revision: '3a21814679'&#10;System info: host: 'EC2AMAZ-5NP4C1A', ip: '172.17.3.16', os.name: 'Windows Server 2019', os.arch: 'amd64', os.version: '10.0', java.version: '1.8.0_291'&#10;Driver info: org.openqa.selenium.chrome.ChromeDriver&#10;Command: [7d60c112fb8fadb5c9070c87d783f5e7, get {url=http://localhost:4200/}]&#10;Capabilities {acceptInsecureCerts: false, browserName: chrome, browserVersion: 92.0.4515.131, chrome: {chromedriverVersion: 92.0.4515.107 (87a818b10553..., userDataDir: C:\Windows\TEMP\scoped_dir1...}, goog:chromeOptions: {debuggerAddress: localhost:64835}, javascriptEnabled: true, networkConnectionEnabled: false, pageLoadStrategy: normal, platform: WINDOWS, platformName: WINDOWS, proxy: Proxy(), se:cdp: ws://localhost:64835/devtoo..., se:cdpVersion: 92.0.4515.131, setWindowRect: true, strictFileInteractability: false, timeouts: {implicit: 0, pageLoad: 300000, script: 30000}, unhandledPromptBehavior: dismiss and notify, webauthn:extension:credBlob: true, webauthn:extension:largeBlob: true, webauthn:virtualAuthenticators: true}&#10;Session ID: 7d60c112fb8fadb5c9070c87d783f5e7&#10;Build info: version: '4.0.0', revision: '3a21814679'&#10;System info: host: 'EC2AMAZ-5NP4C1A', ip: '172.17.3.16', os.name: 'Windows Server 2019', os.arch: 'amd64', os.version: '10.0', java.version: '1.8.0_291'&#10;Driver info: driver.version: unknown" type="org.openqa.selenium.WebDriverException">unknown error: net::ERR_CONNECTION_REFUSED
  (Session info: chrome=92.0.4515.131)
Build info: version: '4.0.0', revision: '3a21814679'
System info: host: 'EC2AMAZ-5NP4C1A', ip: '172.17.3.16', os.name: 'Windows Server 2019', os.arch: 'amd64', os.version: '10.0', java.version: '1.8.0_291'
Driver info: org.openqa.selenium.chrome.ChromeDriver
Command: [7d60c112fb8fadb5c9070c87d783f5e7, get {url=http://localhost:4200/}]
Capabilities {acceptInsecureCerts: false, browserName: chrome, browserVersion: 92.0.4515.131, chrome: {chromedriverVersion: 92.0.4515.107 (87a818b10553..., userDataDir: C:\Windows\TEMP\scoped_dir1...}, goog:chromeOptions: {debuggerAddress: localhost:64835}, javascriptEnabled: true, networkConnectionEnabled: false, pageLoadStrategy: normal, platform: WINDOWS, platformName: WINDOWS, proxy: Proxy(), se:cdp: ws://localhost:64835/devtoo..., se:cdpVersion: 92.0.4515.131, setWindowRect: true, strictFileInteractability: false, timeouts: {implicit: 0, pageLoad: 300000, script: 30000}, unhandledPromptBehavior: dismiss and notify, webauthn:extension:credBlob: true, webauthn:extension:largeBlob: true, webauthn:virtualAuthenticators: true}
Session ID: 7d60c112fb8fadb5c9070c87d783f5e7
Build info: version: '4.0.0', revision: '3a21814679'
System info: host: 'EC2AMAZ-5NP4C1A', ip: '172.17.3.16', os.name: 'Windows Server 2019', os.arch: 'amd64', os.version: '10.0', java.version: '1.8.0_291'
Driver info: driver.version: unknown</error><system-err>unknown error: net::ERR_CONNECTION_REFUSED
  (Session info: chrome=92.0.4515.131)
Build info: version: '4.0.0', revision: '3a21814679'
System info: host: 'EC2AMAZ-5NP4C1A', ip: '172.17.3.16', os.name: 'Windows Server 2019', os.arch: 'amd64', os.version: '10.0', java.version: '1.8.0_291'
Driver info: org.openqa.selenium.chrome.ChromeDriver
Command: [7d60c112fb8fadb5c9070c87d783f5e7, get {url=http://localhost:4200/}]
Capabilities {acceptInsecureCerts: false, browserName: chrome, browserVersion: 92.0.4515.131, chrome: {chromedriverVersion: 92.0.4515.107 (87a818b10553..., userDataDir: C:\Windows\TEMP\scoped_dir1...}, goog:chromeOptions: {debuggerAddress: localhost:64835}, javascriptEnabled: true, networkConnectionEnabled: false, pageLoadStrategy: normal, platform: WINDOWS, platformName: WINDOWS, proxy: Proxy(), se:cdp: ws://localhost:64835/devtoo..., se:cdpVersion: 92.0.4515.131, setWindowRect: true, strictFileInteractability: false, timeouts: {implicit: 0, pageLoad: 300000, script: 30000}, unhandledPromptBehavior: dismiss and notify, webauthn:extension:credBlob: true, webauthn:extension:largeBlob: true, webauthn:virtualAuthenticators: true}
Session ID: 7d60c112fb8fadb5c9070c87d783f5e7
Build info: version: '4.0.0', revision: '3a21814679'
System info: host: 'EC2AMAZ-5NP4C1A', ip: '172.17.3.16', os.name: 'Windows Server 2019', os.arch: 'amd64', os.version: '10.0', java.version: '1.8.0_291'
Driver info: driver.version: unknown&#13;
com.intellect.igcb.autotest.stepdefinition.AuthenticationSteps.customer_is_on_portal_landing_page(AuthenticationSteps.java:71)&#13;
✽.Customer is on Portal Landing Page(file:///C:/selenium_workspace/workspace/igcb-clo-scp-tst/src/test/resources/features/01%20Self%20Registration/001%20authentication.feature:28)&#13;
</system-err></testcase><testcase name="Display Terms &amp; Condition and Privacy Policy"><error message="unknown error: net::ERR_CONNECTION_REFUSED&#10;  (Session info: chrome=92.0.4515.131)&#10;Build info: version: '4.0.0', revision: '3a21814679'&#10;System info: host: 'EC2AMAZ-5NP4C1A', ip: '172.17.3.16', os.name: 'Windows Server 2019', os.arch: 'amd64', os.version: '10.0', java.version: '1.8.0_291'&#10;Driver info: org.openqa.selenium.chrome.ChromeDriver&#10;Command: [865cdc34d95722a90c585617f461380d, get {url=http://localhost:4200/}]&#10;Capabilities {acceptInsecureCerts: false, browserName: chrome, browserVersion: 92.0.4515.131, chrome: {chromedriverVersion: 92.0.4515.107 (87a818b10553..., userDataDir: C:\Windows\TEMP\scoped_dir9...}, goog:chromeOptions: {debuggerAddress: localhost:49495}, javascriptEnabled: true, networkConnectionEnabled: false, pageLoadStrategy: normal, platform: WINDOWS, platformName: WINDOWS, proxy: Proxy(), se:cdp: ws://localhost:49495/devtoo..., se:cdpVersion: 92.0.4515.131, setWindowRect: true, strictFileInteractability: false, timeouts: {implicit: 0, pageLoad: 300000, script: 30000}, unhandledPromptBehavior: dismiss and notify, webauthn:extension:credBlob: true, webauthn:extension:largeBlob: true, webauthn:virtualAuthenticators: true}&#10;Session ID: 865cdc34d95722a90c585617f461380d&#10;Build info: version: '4.0.0', revision: '3a21814679'&#10;System info: host: 'EC2AMAZ-5NP4C1A', ip: '172.17.3.16', os.name: 'Windows Server 2019', os.arch: 'amd64', os.version: '10.0', java.version: '1.8.0_291'&#10;Driver info: driver.version: unknown" type="org.openqa.selenium.WebDriverException">unknown error: net::ERR_CONNECTION_REFUSED
  (Session info: chrome=92.0.4515.131)
Build info: version: '4.0.0', revision: '3a21814679'
System info: host: 'EC2AMAZ-5NP4C1A', ip: '172.17.3.16', os.name: 'Windows Server 2019', os.arch: 'amd64', os.version: '10.0', java.version: '1.8.0_291'
Driver info: org.openqa.selenium.chrome.ChromeDriver
Command: [865cdc34d95722a90c585617f461380d, get {url=http://localhost:4200/}]
Capabilities {acceptInsecureCerts: false, browserName: chrome, browserVersion: 92.0.4515.131, chrome: {chromedriverVersion: 92.0.4515.107 (87a818b10553..., userDataDir: C:\Windows\TEMP\scoped_dir9...}, goog:chromeOptions: {debuggerAddress: localhost:49495}, javascriptEnabled: true, networkConnectionEnabled: false, pageLoadStrategy: normal, platform: WINDOWS, platformName: WINDOWS, proxy: Proxy(), se:cdp: ws://localhost:49495/devtoo..., se:cdpVersion: 92.0.4515.131, setWindowRect: true, strictFileInteractability: false, timeouts: {implicit: 0, pageLoad: 300000, script: 30000}, unhandledPromptBehavior: dismiss and notify, webauthn:extension:credBlob: true, webauthn:extension:largeBlob: true, webauthn:virtualAuthenticators: true}
Session ID: 865cdc34d95722a90c585617f461380d
Build info: version: '4.0.0', revision: '3a21814679'
System info: host: 'EC2AMAZ-5NP4C1A', ip: '172.17.3.16', os.name: 'Windows Server 2019', os.arch: 'amd64', os.version: '10.0', java.version: '1.8.0_291'
Driver info: driver.version: unknown</error><system-err>unknown error: net::ERR_CONNECTION_REFUSED
  (Session info: chrome=92.0.4515.131)
Build info: version: '4.0.0', revision: '3a21814679'
System info: host: 'EC2AMAZ-5NP4C1A', ip: '172.17.3.16', os.name: 'Windows Server 2019', os.arch: 'amd64', os.version: '10.0', java.version: '1.8.0_291'
Driver info: org.openqa.selenium.chrome.ChromeDriver
Command: [865cdc34d95722a90c585617f461380d, get {url=http://localhost:4200/}]
Capabilities {acceptInsecureCerts: false, browserName: chrome, browserVersion: 92.0.4515.131, chrome: {chromedriverVersion: 92.0.4515.107 (87a818b10553..., userDataDir: C:\Windows\TEMP\scoped_dir9...}, goog:chromeOptions: {debuggerAddress: localhost:49495}, javascriptEnabled: true, networkConnectionEnabled: false, pageLoadStrategy: normal, platform: WINDOWS, platformName: WINDOWS, proxy: Proxy(), se:cdp: ws://localhost:49495/devtoo..., se:cdpVersion: 92.0.4515.131, setWindowRect: true, strictFileInteractability: false, timeouts: {implicit: 0, pageLoad: 300000, script: 30000}, unhandledPromptBehavior: dismiss and notify, webauthn:extension:credBlob: true, webauthn:extension:largeBlob: true, webauthn:virtualAuthenticators: true}
Session ID: 865cdc34d95722a90c585617f461380d
Build info: version: '4.0.0', revision: '3a21814679'
System info: host: 'EC2AMAZ-5NP4C1A', ip: '172.17.3.16', os.name: 'Windows Server 2019', os.arch: 'amd64', os.version: '10.0', java.version: '1.8.0_291'
Driver info: driver.version: unknown&#13;
com.intellect.igcb.autotest.stepdefinition.AuthenticationSteps.customer_is_on_portal_landing_page(AuthenticationSteps.java:71)&#13;
✽.Customer is on Portal Landing Page(file:///C:/selenium_workspace/workspace/igcb-clo-scp-tst/src/test/resources/features/01%20Self%20Registration/001%20authentication.feature:41)&#13;
</system-err></testcase><testcase name="Accept T&amp;C and Privacy Policy"><error message="unknown error: net::ERR_CONNECTION_REFUSED&#10;  (Session info: chrome=92.0.4515.131)&#10;Build info: version: '4.0.0', revision: '3a21814679'&#10;System info: host: 'EC2AMAZ-5NP4C1A', ip: '172.17.3.16', os.name: 'Windows Server 2019', os.arch: 'amd64', os.version: '10.0', java.version: '1.8.0_291'&#10;Driver info: org.openqa.selenium.chrome.ChromeDriver&#10;Command: [677e34ddbc141de213ac4f4f05a2bdac, get {url=http://localhost:4200/}]&#10;Capabilities {acceptInsecureCerts: false, browserName: chrome, browserVersion: 92.0.4515.131, chrome: {chromedriverVersion: 92.0.4515.107 (87a818b10553..., userDataDir: C:\Windows\TEMP\scoped_dir1...}, goog:chromeOptions: {debuggerAddress: localhost:50423}, javascriptEnabled: true, networkConnectionEnabled: false, pageLoadStrategy: normal, platform: WINDOWS, platformName: WINDOWS, proxy: Proxy(), se:cdp: ws://localhost:50423/devtoo..., se:cdpVersion: 92.0.4515.131, setWindowRect: true, strictFileInteractability: false, timeouts: {implicit: 0, pageLoad: 300000, script: 30000}, unhandledPromptBehavior: dismiss and notify, webauthn:extension:credBlob: true, webauthn:extension:largeBlob: true, webauthn:virtualAuthenticators: true}&#10;Session ID: 677e34ddbc141de213ac4f4f05a2bdac&#10;Build info: version: '4.0.0', revision: '3a21814679'&#10;System info: host: 'EC2AMAZ-5NP4C1A', ip: '172.17.3.16', os.name: 'Windows Server 2019', os.arch: 'amd64', os.version: '10.0', java.version: '1.8.0_291'&#10;Driver info: driver.version: unknown" type="org.openqa.selenium.WebDriverException">unknown error: net::ERR_CONNECTION_REFUSED
  (Session info: chrome=92.0.4515.131)
Build info: version: '4.0.0', revision: '3a21814679'
System info: host: 'EC2AMAZ-5NP4C1A', ip: '172.17.3.16', os.name: 'Windows Server 2019', os.arch: 'amd64', os.version: '10.0', java.version: '1.8.0_291'
Driver info: org.openqa.selenium.chrome.ChromeDriver
Command: [677e34ddbc141de213ac4f4f05a2bdac, get {url=http://localhost:4200/}]
Capabilities {acceptInsecureCerts: false, browserName: chrome, browserVersion: 92.0.4515.131, chrome: {chromedriverVersion: 92.0.4515.107 (87a818b10553..., userDataDir: C:\Windows\TEMP\scoped_dir1...}, goog:chromeOptions: {debuggerAddress: localhost:50423}, javascriptEnabled: true, networkConnectionEnabled: false, pageLoadStrategy: normal, platform: WINDOWS, platformName: WINDOWS, proxy: Proxy(), se:cdp: ws://localhost:50423/devtoo..., se:cdpVersion: 92.0.4515.131, setWindowRect: true, strictFileInteractability: false, timeouts: {implicit: 0, pageLoad: 300000, script: 30000}, unhandledPromptBehavior: dismiss and notify, webauthn:extension:credBlob: true, webauthn:extension:largeBlob: true, webauthn:virtualAuthenticators: true}
Session ID: 677e34ddbc141de213ac4f4f05a2bdac
Build info: version: '4.0.0', revision: '3a21814679'
System info: host: 'EC2AMAZ-5NP4C1A', ip: '172.17.3.16', os.name: 'Windows Server 2019', os.arch: 'amd64', os.version: '10.0', java.version: '1.8.0_291'
Driver info: driver.version: unknown</error><system-err>unknown error: net::ERR_CONNECTION_REFUSED
  (Session info: chrome=92.0.4515.131)
Build info: version: '4.0.0', revision: '3a21814679'
System info: host: 'EC2AMAZ-5NP4C1A', ip: '172.17.3.16', os.name: 'Windows Server 2019', os.arch: 'amd64', os.version: '10.0', java.version: '1.8.0_291'
Driver info: org.openqa.selenium.chrome.ChromeDriver
Command: [677e34ddbc141de213ac4f4f05a2bdac, get {url=http://localhost:4200/}]
Capabilities {acceptInsecureCerts: false, browserName: chrome, browserVersion: 92.0.4515.131, chrome: {chromedriverVersion: 92.0.4515.107 (87a818b10553..., userDataDir: C:\Windows\TEMP\scoped_dir1...}, goog:chromeOptions: {debuggerAddress: localhost:50423}, javascriptEnabled: true, networkConnectionEnabled: false, pageLoadStrategy: normal, platform: WINDOWS, platformName: WINDOWS, proxy: Proxy(), se:cdp: ws://localhost:50423/devtoo..., se:cdpVersion: 92.0.4515.131, setWindowRect: true, strictFileInteractability: false, timeouts: {implicit: 0, pageLoad: 300000, script: 30000}, unhandledPromptBehavior: dismiss and notify, webauthn:extension:credBlob: true, webauthn:extension:largeBlob: true, webauthn:virtualAuthenticators: true}
Session ID: 677e34ddbc141de213ac4f4f05a2bdac
Build info: version: '4.0.0', revision: '3a21814679'
System info: host: 'EC2AMAZ-5NP4C1A', ip: '172.17.3.16', os.name: 'Windows Server 2019', os.arch: 'amd64', os.version: '10.0', java.version: '1.8.0_291'
Driver info: driver.version: unknown&#13;
com.intellect.igcb.autotest.stepdefinition.AuthenticationSteps.customer_has_provided_valid_mobile_number(AuthenticationSteps.java:146)&#13;
✽.Customer has provided valid mobile number(file:///C:/selenium_workspace/workspace/igcb-clo-scp-tst/src/test/resources/features/01%20Self%20Registration/001%20authentication.feature:50)&#13;
</system-err></testcase><testcase name="Re-enter Mobile Number"><error message="unknown error: net::ERR_CONNECTION_REFUSED&#10;  (Session info: chrome=92.0.4515.131)&#10;Build info: version: '4.0.0', revision: '3a21814679'&#10;System info: host: 'EC2AMAZ-5NP4C1A', ip: '172.17.3.16', os.name: 'Windows Server 2019', os.arch: 'amd64', os.version: '10.0', java.version: '1.8.0_291'&#10;Driver info: org.openqa.selenium.chrome.ChromeDriver&#10;Command: [68446e4bf73895740881cbe6cf2ff41d, get {url=http://localhost:4200/}]&#10;Capabilities {acceptInsecureCerts: false, browserName: chrome, browserVersion: 92.0.4515.131, chrome: {chromedriverVersion: 92.0.4515.107 (87a818b10553..., userDataDir: C:\Windows\TEMP\scoped_dir9...}, goog:chromeOptions: {debuggerAddress: localhost:54631}, javascriptEnabled: true, networkConnectionEnabled: false, pageLoadStrategy: normal, platform: WINDOWS, platformName: WINDOWS, proxy: Proxy(), se:cdp: ws://localhost:54631/devtoo..., se:cdpVersion: 92.0.4515.131, setWindowRect: true, strictFileInteractability: false, timeouts: {implicit: 0, pageLoad: 300000, script: 30000}, unhandledPromptBehavior: dismiss and notify, webauthn:extension:credBlob: true, webauthn:extension:largeBlob: true, webauthn:virtualAuthenticators: true}&#10;Session ID: 68446e4bf73895740881cbe6cf2ff41d&#10;Build info: version: '4.0.0', revision: '3a21814679'&#10;System info: host: 'EC2AMAZ-5NP4C1A', ip: '172.17.3.16', os.name: 'Windows Server 2019', os.arch: 'amd64', os.version: '10.0', java.version: '1.8.0_291'&#10;Driver info: driver.version: unknown" type="org.openqa.selenium.WebDriverException">unknown error: net::ERR_CONNECTION_REFUSED
  (Session info: chrome=92.0.4515.131)
Build info: version: '4.0.0', revision: '3a21814679'
System info: host: 'EC2AMAZ-5NP4C1A', ip: '172.17.3.16', os.name: 'Windows Server 2019', os.arch: 'amd64', os.version: '10.0', java.version: '1.8.0_291'
Driver info: org.openqa.selenium.chrome.ChromeDriver
Command: [68446e4bf73895740881cbe6cf2ff41d, get {url=http://localhost:4200/}]
Capabilities {acceptInsecureCerts: false, browserName: chrome, browserVersion: 92.0.4515.131, chrome: {chromedriverVersion: 92.0.4515.107 (87a818b10553..., userDataDir: C:\Windows\TEMP\scoped_dir9...}, goog:chromeOptions: {debuggerAddress: localhost:54631}, javascriptEnabled: true, networkConnectionEnabled: false, pageLoadStrategy: normal, platform: WINDOWS, platformName: WINDOWS, proxy: Proxy(), se:cdp: ws://localhost:54631/devtoo..., se:cdpVersion: 92.0.4515.131, setWindowRect: true, strictFileInteractability: false, timeouts: {implicit: 0, pageLoad: 300000, script: 30000}, unhandledPromptBehavior: dismiss and notify, webauthn:extension:credBlob: true, webauthn:extension:largeBlob: true, webauthn:virtualAuthenticators: true}
Session ID: 68446e4bf73895740881cbe6cf2ff41d
Build info: version: '4.0.0', revision: '3a21814679'
System info: host: 'EC2AMAZ-5NP4C1A', ip: '172.17.3.16', os.name: 'Windows Server 2019', os.arch: 'amd64', os.version: '10.0', java.version: '1.8.0_291'
Driver info: driver.version: unknown</error><system-err>unknown error: net::ERR_CONNECTION_REFUSED
  (Session info: chrome=92.0.4515.131)
Build info: version: '4.0.0', revision: '3a21814679'
System info: host: 'EC2AMAZ-5NP4C1A', ip: '172.17.3.16', os.name: 'Windows Server 2019', os.arch: 'amd64', os.version: '10.0', java.version: '1.8.0_291'
Driver info: org.openqa.selenium.chrome.ChromeDriver
Command: [68446e4bf73895740881cbe6cf2ff41d, get {url=http://localhost:4200/}]
Capabilities {acceptInsecureCerts: false, browserName: chrome, browserVersion: 92.0.4515.131, chrome: {chromedriverVersion: 92.0.4515.107 (87a818b10553..., userDataDir: C:\Windows\TEMP\scoped_dir9...}, goog:chromeOptions: {debuggerAddress: localhost:54631}, javascriptEnabled: true, networkConnectionEnabled: false, pageLoadStrategy: normal, platform: WINDOWS, platformName: WINDOWS, proxy: Proxy(), se:cdp: ws://localhost:54631/devtoo..., se:cdpVersion: 92.0.4515.131, setWindowRect: true, strictFileInteractability: false, timeouts: {implicit: 0, pageLoad: 300000, script: 30000}, unhandledPromptBehavior: dismiss and notify, webauthn:extension:credBlob: true, webauthn:extension:largeBlob: true, webauthn:virtualAuthenticators: true}
Session ID: 68446e4bf73895740881cbe6cf2ff41d
Build info: version: '4.0.0', revision: '3a21814679'
System info: host: 'EC2AMAZ-5NP4C1A', ip: '172.17.3.16', os.name: 'Windows Server 2019', os.arch: 'amd64', os.version: '10.0', java.version: '1.8.0_291'
Driver info: driver.version: unknown&#13;
com.intellect.igcb.autotest.stepdefinition.AuthenticationSteps.the_customer_has_entered_a_incorrect_mobile_number(AuthenticationSteps.java:200)&#13;
✽.the Customer has entered a incorrect mobile number(file:///C:/selenium_workspace/workspace/igcb-clo-scp-tst/src/test/resources/features/01%20Self%20Registration/001%20authentication.feature:61)&#13;
</system-err></testcase></testsuite>